<?xml version="1.0" encoding="UTF-8"?>
<!-- Generated by org.testng.reporters.JUnitXMLReporter -->
<testsuite hostname="DESKTOP-KRLAL0I" ignored="0" name="Default test" tests="3" failures="0" timestamp="22 Mar 2019 07:01:26 GMT" time="0.686" errors="0">
  <testcase name="f" time="0.022" classname="com.icici.loans.carloans.TC_003"/>
  <testcase name="f" time="0.0" classname="com.icici.loans.carloans.TC_003"/>
  <testcase name="f" time="0.0" classname="com.icici.loans.carloans.TC_003"/>
</testsuite> <!-- Default test -->
